{"D:\\WorkSpace\\SauceStudio\\Open-Source\\ke-validator\\src\\index.js": {"path":"D:\\WorkSpace\\SauceStudio\\Open-Source\\ke-validator\\src\\index.js","statementMap":{},"fnMap":{},"branchMap":{},"s":{},"f":{},"b":{},"_coverageSchema":"1a1c01bbd47fc00a2c39e90264f33305004495a9","hash":"7f0ff9533937ad924fdd50065b672e8451deeb27"}
,"D:\\WorkSpace\\SauceStudio\\Open-Source\\ke-validator\\src\\core\\KeValidator.js": {"path":"D:\\WorkSpace\\SauceStudio\\Open-Source\\ke-validator\\src\\core\\KeValidator.js","statementMap":{"0":{"start":{"line":23,"column":4},"end":{"line":23,"column":22}},"1":{"start":{"line":24,"column":4},"end":{"line":24,"column":58}},"2":{"start":{"line":52,"column":4},"end":{"line":54,"column":5}},"3":{"start":{"line":53,"column":6},"end":{"line":53,"column":105}},"4":{"start":{"line":55,"column":16},"end":{"line":55,"column":20}},"5":{"start":{"line":56,"column":4},"end":{"line":59,"column":5}},"6":{"start":{"line":57,"column":6},"end":{"line":57,"column":60}},"7":{"start":{"line":58,"column":6},"end":{"line":58,"column":23}},"8":{"start":{"line":58,"column":17},"end":{"line":58,"column":23}},"9":{"start":{"line":60,"column":4},"end":{"line":60,"column":17}},"10":{"start":{"line":98,"column":4},"end":{"line":100,"column":5}},"11":{"start":{"line":99,"column":6},"end":{"line":99,"column":69}},"12":{"start":{"line":101,"column":4},"end":{"line":103,"column":5}},"13":{"start":{"line":102,"column":6},"end":{"line":102,"column":75}},"14":{"start":{"line":105,"column":19},"end":{"line":105,"column":47}},"15":{"start":{"line":107,"column":4},"end":{"line":107,"column":26}},"16":{"start":{"line":109,"column":23},"end":{"line":109,"column":42}},"17":{"start":{"line":111,"column":21},"end":{"line":111,"column":23}},"18":{"start":{"line":113,"column":4},"end":{"line":120,"column":5}},"19":{"start":{"line":115,"column":21},"end":{"line":115,"column":37}},"20":{"start":{"line":117,"column":6},"end":{"line":119,"column":7}},"21":{"start":{"line":118,"column":8},"end":{"line":118,"column":38}},"22":{"start":{"line":122,"column":4},"end":{"line":124,"column":5}},"23":{"start":{"line":123,"column":6},"end":{"line":123,"column":45}},"24":{"start":{"line":126,"column":4},"end":{"line":126,"column":28}},"25":{"start":{"line":128,"column":4},"end":{"line":128,"column":32}},"26":{"start":{"line":129,"column":4},"end":{"line":129,"column":16}},"27":{"start":{"line":137,"column":4},"end":{"line":137,"column":33}},"28":{"start":{"line":145,"column":4},"end":{"line":151,"column":6}},"29":{"start":{"line":160,"column":19},"end":{"line":160,"column":21}},"30":{"start":{"line":161,"column":4},"end":{"line":169,"column":5}},"31":{"start":{"line":162,"column":20},"end":{"line":162,"column":38}},"32":{"start":{"line":163,"column":6},"end":{"line":165,"column":7}},"33":{"start":{"line":164,"column":8},"end":{"line":164,"column":30}},"34":{"start":{"line":166,"column":6},"end":{"line":168,"column":7}},"35":{"start":{"line":167,"column":8},"end":{"line":167,"column":58}},"36":{"start":{"line":170,"column":4},"end":{"line":170,"column":18}},"37":{"start":{"line":178,"column":4},"end":{"line":178,"column":102}},"38":{"start":{"line":178,"column":50},"end":{"line":178,"column":96}},"39":{"start":{"line":186,"column":4},"end":{"line":186,"column":35}},"40":{"start":{"line":194,"column":16},"end":{"line":194,"column":20}},"41":{"start":{"line":195,"column":20},"end":{"line":195,"column":22}},"42":{"start":{"line":196,"column":4},"end":{"line":202,"column":5}},"43":{"start":{"line":197,"column":20},"end":{"line":197,"column":53}},"44":{"start":{"line":198,"column":6},"end":{"line":200,"column":7}},"45":{"start":{"line":199,"column":8},"end":{"line":199,"column":60}},"46":{"start":{"line":201,"column":6},"end":{"line":201,"column":30}},"47":{"start":{"line":203,"column":4},"end":{"line":203,"column":19}},"48":{"start":{"line":212,"column":4},"end":{"line":214,"column":5}},"49":{"start":{"line":213,"column":6},"end":{"line":213,"column":19}},"50":{"start":{"line":216,"column":18},"end":{"line":216,"column":27}},"51":{"start":{"line":217,"column":4},"end":{"line":219,"column":5}},"52":{"start":{"line":218,"column":6},"end":{"line":218,"column":18}},"53":{"start":{"line":221,"column":4},"end":{"line":227,"column":5}},"54":{"start":{"line":222,"column":25},"end":{"line":222,"column":62}},"55":{"start":{"line":222,"column":44},"end":{"line":222,"column":61}},"56":{"start":{"line":223,"column":6},"end":{"line":225,"column":7}},"57":{"start":{"line":224,"column":8},"end":{"line":224,"column":87}},"58":{"start":{"line":226,"column":6},"end":{"line":226,"column":18}},"59":{"start":{"line":228,"column":4},"end":{"line":228,"column":17}},"60":{"start":{"line":240,"column":4},"end":{"line":263,"column":5}},"61":{"start":{"line":242,"column":6},"end":{"line":251,"column":7}},"62":{"start":{"line":243,"column":20},"end":{"line":243,"column":37}},"63":{"start":{"line":245,"column":8},"end":{"line":245,"column":23}},"64":{"start":{"line":247,"column":8},"end":{"line":247,"column":38}},"65":{"start":{"line":250,"column":8},"end":{"line":250,"column":76}},"66":{"start":{"line":256,"column":20},"end":{"line":256,"column":29}},"67":{"start":{"line":258,"column":24},"end":{"line":258,"column":44}},"68":{"start":{"line":260,"column":21},"end":{"line":260,"column":42}},"69":{"start":{"line":262,"column":6},"end":{"line":262,"column":56}},"70":{"start":{"line":264,"column":4},"end":{"line":264,"column":18}},"71":{"start":{"line":273,"column":4},"end":{"line":273,"column":32}},"72":{"start":{"line":281,"column":4},"end":{"line":281,"column":52}}},"fnMap":{"0":{"name":"(anonymous_0)","decl":{"start":{"line":22,"column":2},"end":{"line":22,"column":3}},"loc":{"start":{"line":22,"column":16},"end":{"line":25,"column":3}},"line":22},"1":{"name":"(anonymous_1)","decl":{"start":{"line":51,"column":2},"end":{"line":51,"column":3}},"loc":{"start":{"line":51,"column":37},"end":{"line":61,"column":3}},"line":51},"2":{"name":"(anonymous_2)","decl":{"start":{"line":97,"column":2},"end":{"line":97,"column":3}},"loc":{"start":{"line":97,"column":19},"end":{"line":130,"column":3}},"line":97},"3":{"name":"(anonymous_3)","decl":{"start":{"line":136,"column":2},"end":{"line":136,"column":3}},"loc":{"start":{"line":136,"column":17},"end":{"line":138,"column":3}},"line":136},"4":{"name":"(anonymous_4)","decl":{"start":{"line":144,"column":2},"end":{"line":144,"column":3}},"loc":{"start":{"line":144,"column":19},"end":{"line":152,"column":3}},"line":144},"5":{"name":"(anonymous_5)","decl":{"start":{"line":159,"column":2},"end":{"line":159,"column":3}},"loc":{"start":{"line":159,"column":26},"end":{"line":171,"column":3}},"line":159},"6":{"name":"(anonymous_6)","decl":{"start":{"line":177,"column":2},"end":{"line":177,"column":3}},"loc":{"start":{"line":177,"column":27},"end":{"line":179,"column":3}},"line":177},"7":{"name":"(anonymous_7)","decl":{"start":{"line":178,"column":31},"end":{"line":178,"column":32}},"loc":{"start":{"line":178,"column":50},"end":{"line":178,"column":96}},"line":178},"8":{"name":"(anonymous_8)","decl":{"start":{"line":185,"column":2},"end":{"line":185,"column":3}},"loc":{"start":{"line":185,"column":25},"end":{"line":187,"column":3}},"line":185},"9":{"name":"(anonymous_9)","decl":{"start":{"line":193,"column":2},"end":{"line":193,"column":3}},"loc":{"start":{"line":193,"column":17},"end":{"line":204,"column":3}},"line":193},"10":{"name":"(anonymous_10)","decl":{"start":{"line":211,"column":2},"end":{"line":211,"column":3}},"loc":{"start":{"line":211,"column":26},"end":{"line":229,"column":3}},"line":211},"11":{"name":"(anonymous_11)","decl":{"start":{"line":222,"column":37},"end":{"line":222,"column":38}},"loc":{"start":{"line":222,"column":44},"end":{"line":222,"column":61}},"line":222},"12":{"name":"(anonymous_12)","decl":{"start":{"line":236,"column":2},"end":{"line":236,"column":3}},"loc":{"start":{"line":236,"column":14},"end":{"line":265,"column":3}},"line":236},"13":{"name":"(anonymous_13)","decl":{"start":{"line":272,"column":2},"end":{"line":272,"column":3}},"loc":{"start":{"line":272,"column":19},"end":{"line":274,"column":3}},"line":272},"14":{"name":"(anonymous_14)","decl":{"start":{"line":280,"column":2},"end":{"line":280,"column":3}},"loc":{"start":{"line":280,"column":15},"end":{"line":282,"column":3}},"line":280}},"branchMap":{"0":{"loc":{"start":{"line":51,"column":11},"end":{"line":51,"column":35}},"type":"default-arg","locations":[{"start":{"line":51,"column":26},"end":{"line":51,"column":35}}],"line":51},"1":{"loc":{"start":{"line":52,"column":4},"end":{"line":54,"column":5}},"type":"if","locations":[{"start":{"line":52,"column":4},"end":{"line":54,"column":5}},{"start":{},"end":{}}],"line":52},"2":{"loc":{"start":{"line":58,"column":6},"end":{"line":58,"column":23}},"type":"if","locations":[{"start":{"line":58,"column":6},"end":{"line":58,"column":23}},{"start":{},"end":{}}],"line":58},"3":{"loc":{"start":{"line":98,"column":4},"end":{"line":100,"column":5}},"type":"if","locations":[{"start":{"line":98,"column":4},"end":{"line":100,"column":5}},{"start":{},"end":{}}],"line":98},"4":{"loc":{"start":{"line":101,"column":4},"end":{"line":103,"column":5}},"type":"if","locations":[{"start":{"line":101,"column":4},"end":{"line":103,"column":5}},{"start":{},"end":{}}],"line":101},"5":{"loc":{"start":{"line":117,"column":6},"end":{"line":119,"column":7}},"type":"if","locations":[{"start":{"line":117,"column":6},"end":{"line":119,"column":7}},{"start":{},"end":{}}],"line":117},"6":{"loc":{"start":{"line":122,"column":4},"end":{"line":124,"column":5}},"type":"if","locations":[{"start":{"line":122,"column":4},"end":{"line":124,"column":5}},{"start":{},"end":{}}],"line":122},"7":{"loc":{"start":{"line":163,"column":6},"end":{"line":165,"column":7}},"type":"if","locations":[{"start":{"line":163,"column":6},"end":{"line":165,"column":7}},{"start":{},"end":{}}],"line":163},"8":{"loc":{"start":{"line":166,"column":6},"end":{"line":168,"column":7}},"type":"if","locations":[{"start":{"line":166,"column":6},"end":{"line":168,"column":7}},{"start":{},"end":{}}],"line":166},"9":{"loc":{"start":{"line":199,"column":8},"end":{"line":199,"column":59}},"type":"binary-expr","locations":[{"start":{"line":199,"column":8},"end":{"line":199,"column":37}},{"start":{"line":199,"column":41},"end":{"line":199,"column":59}}],"line":199},"10":{"loc":{"start":{"line":212,"column":4},"end":{"line":214,"column":5}},"type":"if","locations":[{"start":{"line":212,"column":4},"end":{"line":214,"column":5}},{"start":{},"end":{}}],"line":212},"11":{"loc":{"start":{"line":212,"column":8},"end":{"line":212,"column":50}},"type":"binary-expr","locations":[{"start":{"line":212,"column":8},"end":{"line":212,"column":29}},{"start":{"line":212,"column":33},"end":{"line":212,"column":50}}],"line":212},"12":{"loc":{"start":{"line":217,"column":4},"end":{"line":219,"column":5}},"type":"if","locations":[{"start":{"line":217,"column":4},"end":{"line":219,"column":5}},{"start":{},"end":{}}],"line":217},"13":{"loc":{"start":{"line":221,"column":4},"end":{"line":227,"column":5}},"type":"if","locations":[{"start":{"line":221,"column":4},"end":{"line":227,"column":5}},{"start":{},"end":{}}],"line":221},"14":{"loc":{"start":{"line":221,"column":8},"end":{"line":221,"column":29}},"type":"binary-expr","locations":[{"start":{"line":221,"column":8},"end":{"line":221,"column":22}},{"start":{"line":221,"column":26},"end":{"line":221,"column":29}}],"line":221},"15":{"loc":{"start":{"line":223,"column":6},"end":{"line":225,"column":7}},"type":"if","locations":[{"start":{"line":223,"column":6},"end":{"line":225,"column":7}},{"start":{},"end":{}}],"line":223},"16":{"loc":{"start":{"line":240,"column":4},"end":{"line":263,"column":5}},"type":"if","locations":[{"start":{"line":240,"column":4},"end":{"line":263,"column":5}},{"start":{"line":254,"column":9},"end":{"line":263,"column":5}}],"line":240},"17":{"loc":{"start":{"line":250,"column":39},"end":{"line":250,"column":74}},"type":"binary-expr","locations":[{"start":{"line":250,"column":39},"end":{"line":250,"column":52}},{"start":{"line":250,"column":56},"end":{"line":250,"column":74}}],"line":250}},"s":{"0":1,"1":1,"2":0,"3":0,"4":0,"5":0,"6":0,"7":0,"8":0,"9":0,"10":1,"11":0,"12":1,"13":0,"14":1,"15":1,"16":1,"17":1,"18":1,"19":3,"20":3,"21":1,"22":1,"23":1,"24":0,"25":0,"26":0,"27":1,"28":0,"29":1,"30":1,"31":4,"32":4,"33":4,"34":4,"35":1,"36":1,"37":1,"38":4,"39":0,"40":1,"41":1,"42":1,"43":2,"44":2,"45":6,"46":2,"47":1,"48":6,"49":2,"50":4,"51":4,"52":1,"53":3,"54":2,"55":2,"56":2,"57":0,"58":2,"59":1,"60":3,"61":1,"62":1,"63":1,"64":0,"65":1,"66":2,"67":2,"68":2,"69":2,"70":3,"71":6,"72":1},"f":{"0":1,"1":0,"2":1,"3":1,"4":0,"5":1,"6":1,"7":4,"8":0,"9":1,"10":6,"11":2,"12":3,"13":6,"14":1},"b":{"0":[0],"1":[0,0],"2":[0,0],"3":[0,1],"4":[0,1],"5":[1,2],"6":[1,0],"7":[4,0],"8":[1,3],"9":[6,3],"10":[2,4],"11":[6,5],"12":[1,3],"13":[2,1],"14":[3,2],"15":[0,2],"16":[1,2],"17":[1,0]},"_coverageSchema":"1a1c01bbd47fc00a2c39e90264f33305004495a9","hash":"4f038865373383ba1a9359ae151fb7adf7417f15"}
,"D:\\WorkSpace\\SauceStudio\\Open-Source\\ke-validator\\src\\core\\Rule.js": {"path":"D:\\WorkSpace\\SauceStudio\\Open-Source\\ke-validator\\src\\core\\Rule.js","statementMap":{"0":{"start":{"line":12,"column":4},"end":{"line":12,"column":21}},"1":{"start":{"line":13,"column":4},"end":{"line":13,"column":27}},"2":{"start":{"line":14,"column":4},"end":{"line":14,"column":27}},"3":{"start":{"line":18,"column":4},"end":{"line":20,"column":5}},"4":{"start":{"line":19,"column":6},"end":{"line":19,"column":34}},"5":{"start":{"line":21,"column":4},"end":{"line":23,"column":5}},"6":{"start":{"line":22,"column":6},"end":{"line":22,"column":59}},"7":{"start":{"line":24,"column":4},"end":{"line":24,"column":36}}},"fnMap":{"0":{"name":"(anonymous_0)","decl":{"start":{"line":11,"column":2},"end":{"line":11,"column":3}},"loc":{"start":{"line":11,"column":40},"end":{"line":15,"column":3}},"line":11},"1":{"name":"(anonymous_1)","decl":{"start":{"line":17,"column":2},"end":{"line":17,"column":3}},"loc":{"start":{"line":17,"column":18},"end":{"line":25,"column":3}},"line":17}},"branchMap":{"0":{"loc":{"start":{"line":18,"column":4},"end":{"line":20,"column":5}},"type":"if","locations":[{"start":{"line":18,"column":4},"end":{"line":20,"column":5}},{"start":{},"end":{}}],"line":18},"1":{"loc":{"start":{"line":21,"column":4},"end":{"line":23,"column":5}},"type":"if","locations":[{"start":{"line":21,"column":4},"end":{"line":23,"column":5}},{"start":{},"end":{}}],"line":21},"2":{"loc":{"start":{"line":22,"column":35},"end":{"line":22,"column":57}},"type":"binary-expr","locations":[{"start":{"line":22,"column":35},"end":{"line":22,"column":47}},{"start":{"line":22,"column":51},"end":{"line":22,"column":57}}],"line":22}},"s":{"0":2,"1":2,"2":2,"3":2,"4":0,"5":2,"6":0,"7":2},"f":{"0":2,"1":2},"b":{"0":[0,2],"1":[0,2],"2":[0,0]},"_coverageSchema":"1a1c01bbd47fc00a2c39e90264f33305004495a9","hash":"577b000518bce9ad338f9b9b0f32ab0a664144ce"}
,"D:\\WorkSpace\\SauceStudio\\Open-Source\\ke-validator\\src\\core\\RuleField.js": {"path":"D:\\WorkSpace\\SauceStudio\\Open-Source\\ke-validator\\src\\core\\RuleField.js","statementMap":{"0":{"start":{"line":5,"column":4},"end":{"line":5,"column":23}},"1":{"start":{"line":9,"column":4},"end":{"line":17,"column":5}},"2":{"start":{"line":10,"column":27},"end":{"line":10,"column":45}},"3":{"start":{"line":12,"column":6},"end":{"line":16,"column":7}},"4":{"start":{"line":13,"column":8},"end":{"line":13,"column":45}},"5":{"start":{"line":15,"column":8},"end":{"line":15,"column":60}},"6":{"start":{"line":19,"column":24},"end":{"line":19,"column":50}},"7":{"start":{"line":21,"column":4},"end":{"line":28,"column":5}},"8":{"start":{"line":22,"column":21},"end":{"line":22,"column":41}},"9":{"start":{"line":23,"column":6},"end":{"line":27,"column":7}},"10":{"start":{"line":24,"column":8},"end":{"line":24,"column":33}},"11":{"start":{"line":25,"column":8},"end":{"line":25,"column":45}},"12":{"start":{"line":26,"column":8},"end":{"line":26,"column":27}},"13":{"start":{"line":30,"column":4},"end":{"line":30,"column":63}},"14":{"start":{"line":38,"column":4},"end":{"line":42,"column":5}},"15":{"start":{"line":39,"column":6},"end":{"line":41,"column":7}},"16":{"start":{"line":40,"column":8},"end":{"line":40,"column":20}},"17":{"start":{"line":43,"column":4},"end":{"line":43,"column":17}},"18":{"start":{"line":52,"column":4},"end":{"line":62,"column":5}},"19":{"start":{"line":53,"column":6},"end":{"line":55,"column":7}},"20":{"start":{"line":54,"column":8},"end":{"line":54,"column":38}},"21":{"start":{"line":56,"column":6},"end":{"line":58,"column":7}},"22":{"start":{"line":57,"column":8},"end":{"line":57,"column":40}},"23":{"start":{"line":59,"column":6},"end":{"line":61,"column":7}},"24":{"start":{"line":60,"column":8},"end":{"line":60,"column":23}},"25":{"start":{"line":63,"column":4},"end":{"line":63,"column":17}}},"fnMap":{"0":{"name":"(anonymous_0)","decl":{"start":{"line":4,"column":2},"end":{"line":4,"column":3}},"loc":{"start":{"line":4,"column":21},"end":{"line":6,"column":3}},"line":4},"1":{"name":"(anonymous_1)","decl":{"start":{"line":8,"column":2},"end":{"line":8,"column":3}},"loc":{"start":{"line":8,"column":25},"end":{"line":31,"column":3}},"line":8},"2":{"name":"(anonymous_2)","decl":{"start":{"line":37,"column":2},"end":{"line":37,"column":3}},"loc":{"start":{"line":37,"column":16},"end":{"line":44,"column":3}},"line":37},"3":{"name":"(anonymous_3)","decl":{"start":{"line":51,"column":2},"end":{"line":51,"column":3}},"loc":{"start":{"line":51,"column":18},"end":{"line":64,"column":3}},"line":51}},"branchMap":{"0":{"loc":{"start":{"line":9,"column":4},"end":{"line":17,"column":5}},"type":"if","locations":[{"start":{"line":9,"column":4},"end":{"line":17,"column":5}},{"start":{},"end":{}}],"line":9},"1":{"loc":{"start":{"line":12,"column":6},"end":{"line":16,"column":7}},"type":"if","locations":[{"start":{"line":12,"column":6},"end":{"line":16,"column":7}},{"start":{"line":14,"column":13},"end":{"line":16,"column":7}}],"line":12},"2":{"loc":{"start":{"line":23,"column":6},"end":{"line":27,"column":7}},"type":"if","locations":[{"start":{"line":23,"column":6},"end":{"line":27,"column":7}},{"start":{},"end":{}}],"line":23},"3":{"loc":{"start":{"line":39,"column":6},"end":{"line":41,"column":7}},"type":"if","locations":[{"start":{"line":39,"column":6},"end":{"line":41,"column":7}},{"start":{},"end":{}}],"line":39},"4":{"loc":{"start":{"line":53,"column":6},"end":{"line":55,"column":7}},"type":"if","locations":[{"start":{"line":53,"column":6},"end":{"line":55,"column":7}},{"start":{},"end":{}}],"line":53},"5":{"loc":{"start":{"line":56,"column":6},"end":{"line":58,"column":7}},"type":"if","locations":[{"start":{"line":56,"column":6},"end":{"line":58,"column":7}},{"start":{},"end":{}}],"line":56},"6":{"loc":{"start":{"line":59,"column":6},"end":{"line":61,"column":7}},"type":"if","locations":[{"start":{"line":59,"column":6},"end":{"line":61,"column":7}},{"start":{},"end":{}}],"line":59}},"s":{"0":2,"1":2,"2":0,"3":0,"4":0,"5":0,"6":2,"7":2,"8":2,"9":2,"10":0,"11":0,"12":0,"13":2,"14":0,"15":0,"16":0,"17":0,"18":2,"19":2,"20":0,"21":2,"22":0,"23":2,"24":0,"25":2},"f":{"0":2,"1":2,"2":0,"3":2},"b":{"0":[0,2],"1":[0,0],"2":[0,2],"3":[0,0],"4":[0,2],"5":[0,2],"6":[0,2]},"_coverageSchema":"1a1c01bbd47fc00a2c39e90264f33305004495a9","hash":"5461e709ee6140ef298abee8af7346c7f8d2f097"}
,"D:\\WorkSpace\\SauceStudio\\Open-Source\\ke-validator\\src\\core\\RuleFieldResult.js": {"path":"D:\\WorkSpace\\SauceStudio\\Open-Source\\ke-validator\\src\\core\\RuleFieldResult.js","statementMap":{"0":{"start":{"line":5,"column":4},"end":{"line":5,"column":25}},"1":{"start":{"line":6,"column":4},"end":{"line":6,"column":23}}},"fnMap":{"0":{"name":"(anonymous_0)","decl":{"start":{"line":4,"column":2},"end":{"line":4,"column":3}},"loc":{"start":{"line":4,"column":48},"end":{"line":7,"column":3}},"line":4}},"branchMap":{"0":{"loc":{"start":{"line":4,"column":20},"end":{"line":4,"column":32}},"type":"default-arg","locations":[{"start":{"line":4,"column":30},"end":{"line":4,"column":32}}],"line":4},"1":{"loc":{"start":{"line":4,"column":34},"end":{"line":4,"column":46}},"type":"default-arg","locations":[{"start":{"line":4,"column":42},"end":{"line":4,"column":46}}],"line":4}},"s":{"0":4,"1":4},"f":{"0":4},"b":{"0":[2],"1":[2]},"_coverageSchema":"1a1c01bbd47fc00a2c39e90264f33305004495a9","hash":"b84caecaf06593226ff2d92c8ee3e5954ba9aa43"}
,"D:\\WorkSpace\\SauceStudio\\Open-Source\\ke-validator\\src\\core\\RuleResult.js": {"path":"D:\\WorkSpace\\SauceStudio\\Open-Source\\ke-validator\\src\\core\\RuleResult.js","statementMap":{"0":{"start":{"line":3,"column":4},"end":{"line":3,"column":21}},"1":{"start":{"line":4,"column":4},"end":{"line":4,"column":27}}},"fnMap":{"0":{"name":"(anonymous_0)","decl":{"start":{"line":2,"column":2},"end":{"line":2,"column":3}},"loc":{"start":{"line":2,"column":34},"end":{"line":5,"column":3}},"line":2}},"branchMap":{"0":{"loc":{"start":{"line":2,"column":20},"end":{"line":2,"column":32}},"type":"default-arg","locations":[{"start":{"line":2,"column":30},"end":{"line":2,"column":32}}],"line":2}},"s":{"0":7,"1":7},"f":{"0":7},"b":{"0":[0]},"_coverageSchema":"1a1c01bbd47fc00a2c39e90264f33305004495a9","hash":"b1815bdab87133f2646242f3c6ee352b9911dffc"}
,"D:\\WorkSpace\\SauceStudio\\Open-Source\\ke-validator\\src\\lib\\exception\\OperateException.js": {"path":"D:\\WorkSpace\\SauceStudio\\Open-Source\\ke-validator\\src\\lib\\exception\\OperateException.js","statementMap":{"0":{"start":{"line":3,"column":4},"end":{"line":3,"column":12}},"1":{"start":{"line":4,"column":4},"end":{"line":4,"column":37}}},"fnMap":{"0":{"name":"(anonymous_0)","decl":{"start":{"line":2,"column":2},"end":{"line":2,"column":3}},"loc":{"start":{"line":2,"column":23},"end":{"line":5,"column":3}},"line":2}},"branchMap":{"0":{"loc":{"start":{"line":4,"column":19},"end":{"line":4,"column":36}},"type":"binary-expr","locations":[{"start":{"line":4,"column":19},"end":{"line":4,"column":26}},{"start":{"line":4,"column":30},"end":{"line":4,"column":36}}],"line":4}},"s":{"0":0,"1":0},"f":{"0":0},"b":{"0":[0,0]},"_coverageSchema":"1a1c01bbd47fc00a2c39e90264f33305004495a9","hash":"ab0f59e4f7a88003cddf6ffaecb2c742727375dd"}
,"D:\\WorkSpace\\SauceStudio\\Open-Source\\ke-validator\\src\\lib\\exception\\ParameterException.js": {"path":"D:\\WorkSpace\\SauceStudio\\Open-Source\\ke-validator\\src\\lib\\exception\\ParameterException.js","statementMap":{"0":{"start":{"line":3,"column":4},"end":{"line":3,"column":12}},"1":{"start":{"line":4,"column":4},"end":{"line":4,"column":37}}},"fnMap":{"0":{"name":"(anonymous_0)","decl":{"start":{"line":2,"column":2},"end":{"line":2,"column":3}},"loc":{"start":{"line":2,"column":23},"end":{"line":5,"column":3}},"line":2}},"branchMap":{"0":{"loc":{"start":{"line":4,"column":19},"end":{"line":4,"column":36}},"type":"binary-expr","locations":[{"start":{"line":4,"column":19},"end":{"line":4,"column":26}},{"start":{"line":4,"column":30},"end":{"line":4,"column":36}}],"line":4}},"s":{"0":1,"1":1},"f":{"0":1},"b":{"0":[1,0]},"_coverageSchema":"1a1c01bbd47fc00a2c39e90264f33305004495a9","hash":"a5de592e6bc95bf82afa623c1fe1f7406a73bda0"}
,"D:\\WorkSpace\\SauceStudio\\Open-Source\\ke-validator\\src\\lib\\exception\\TypeException.js": {"path":"D:\\WorkSpace\\SauceStudio\\Open-Source\\ke-validator\\src\\lib\\exception\\TypeException.js","statementMap":{"0":{"start":{"line":3,"column":4},"end":{"line":3,"column":12}},"1":{"start":{"line":4,"column":4},"end":{"line":4,"column":37}}},"fnMap":{"0":{"name":"(anonymous_0)","decl":{"start":{"line":2,"column":2},"end":{"line":2,"column":3}},"loc":{"start":{"line":2,"column":23},"end":{"line":5,"column":3}},"line":2}},"branchMap":{"0":{"loc":{"start":{"line":4,"column":19},"end":{"line":4,"column":36}},"type":"binary-expr","locations":[{"start":{"line":4,"column":19},"end":{"line":4,"column":26}},{"start":{"line":4,"column":30},"end":{"line":4,"column":36}}],"line":4}},"s":{"0":0,"1":0},"f":{"0":0},"b":{"0":[0,0]},"_coverageSchema":"1a1c01bbd47fc00a2c39e90264f33305004495a9","hash":"6ba1bdc76bd573d161eb322dacedbebcefd06ced"}
,"D:\\WorkSpace\\SauceStudio\\Open-Source\\ke-validator\\src\\lib\\exception\\index.js": {"path":"D:\\WorkSpace\\SauceStudio\\Open-Source\\ke-validator\\src\\lib\\exception\\index.js","statementMap":{},"fnMap":{},"branchMap":{},"s":{},"f":{},"b":{},"_coverageSchema":"1a1c01bbd47fc00a2c39e90264f33305004495a9","hash":"85ea9743a87467473f89bf04c2f0aa7c3da7d039"}
,"D:\\WorkSpace\\SauceStudio\\Open-Source\\ke-validator\\src\\lib\\utils\\deepClone.js": {"path":"D:\\WorkSpace\\SauceStudio\\Open-Source\\ke-validator\\src\\lib\\utils\\deepClone.js","statementMap":{"0":{"start":{"line":7,"column":2},"end":{"line":9,"column":3}},"1":{"start":{"line":8,"column":4},"end":{"line":8,"column":18}},"2":{"start":{"line":11,"column":2},"end":{"line":13,"column":3}},"3":{"start":{"line":12,"column":4},"end":{"line":12,"column":28}},"4":{"start":{"line":15,"column":2},"end":{"line":17,"column":3}},"5":{"start":{"line":16,"column":4},"end":{"line":16,"column":30}},"6":{"start":{"line":19,"column":17},"end":{"line":19,"column":49}},"7":{"start":{"line":21,"column":2},"end":{"line":25,"column":3}},"8":{"start":{"line":22,"column":4},"end":{"line":24,"column":5}},"9":{"start":{"line":23,"column":6},"end":{"line":23,"column":43}},"10":{"start":{"line":26,"column":2},"end":{"line":26,"column":16}}},"fnMap":{"0":{"name":"deepClone","decl":{"start":{"line":6,"column":9},"end":{"line":6,"column":18}},"loc":{"start":{"line":6,"column":27},"end":{"line":27,"column":1}},"line":6}},"branchMap":{"0":{"loc":{"start":{"line":7,"column":2},"end":{"line":9,"column":3}},"type":"if","locations":[{"start":{"line":7,"column":2},"end":{"line":9,"column":3}},{"start":{},"end":{}}],"line":7},"1":{"loc":{"start":{"line":7,"column":6},"end":{"line":7,"column":50}},"type":"binary-expr","locations":[{"start":{"line":7,"column":6},"end":{"line":7,"column":32}},{"start":{"line":7,"column":36},"end":{"line":7,"column":50}}],"line":7},"2":{"loc":{"start":{"line":11,"column":2},"end":{"line":13,"column":3}},"type":"if","locations":[{"start":{"line":11,"column":2},"end":{"line":13,"column":3}},{"start":{},"end":{}}],"line":11},"3":{"loc":{"start":{"line":15,"column":2},"end":{"line":17,"column":3}},"type":"if","locations":[{"start":{"line":15,"column":2},"end":{"line":17,"column":3}},{"start":{},"end":{}}],"line":15},"4":{"loc":{"start":{"line":22,"column":4},"end":{"line":24,"column":5}},"type":"if","locations":[{"start":{"line":22,"column":4},"end":{"line":24,"column":5}},{"start":{},"end":{}}],"line":22}},"s":{"0":34,"1":16,"2":18,"3":0,"4":18,"5":0,"6":18,"7":18,"8":30,"9":30,"10":18},"f":{"0":34},"b":{"0":[16,18],"1":[34,18],"2":[0,18],"3":[0,18],"4":[30,0]},"_coverageSchema":"1a1c01bbd47fc00a2c39e90264f33305004495a9","hash":"789d4a0e4b615942bc48bcbaf4c0b1ed4f0e4dfc"}
,"D:\\WorkSpace\\SauceStudio\\Open-Source\\ke-validator\\src\\lib\\utils\\dfs.js": {"path":"D:\\WorkSpace\\SauceStudio\\Open-Source\\ke-validator\\src\\lib\\utils\\dfs.js","statementMap":{"0":{"start":{"line":10,"column":4},"end":{"line":12,"column":5}},"1":{"start":{"line":11,"column":6},"end":{"line":11,"column":24}},"2":{"start":{"line":13,"column":17},"end":{"line":13,"column":30}},"3":{"start":{"line":14,"column":4},"end":{"line":16,"column":5}},"4":{"start":{"line":15,"column":6},"end":{"line":15,"column":29}},"5":{"start":{"line":18,"column":2},"end":{"line":18,"column":17}},"6":{"start":{"line":19,"column":2},"end":{"line":19,"column":13}}},"fnMap":{"0":{"name":"dfs","decl":{"start":{"line":7,"column":9},"end":{"line":7,"column":12}},"loc":{"start":{"line":7,"column":28},"end":{"line":20,"column":1}},"line":7},"1":{"name":"search","decl":{"start":{"line":9,"column":11},"end":{"line":9,"column":17}},"loc":{"start":{"line":9,"column":29},"end":{"line":17,"column":3}},"line":9}},"branchMap":{"0":{"loc":{"start":{"line":10,"column":4},"end":{"line":12,"column":5}},"type":"if","locations":[{"start":{"line":10,"column":4},"end":{"line":12,"column":5}},{"start":{},"end":{}}],"line":10}},"s":{"0":113,"1":12,"2":101,"3":101,"4":101,"5":12,"6":12},"f":{"0":12,"1":113},"b":{"0":[12,101]},"_coverageSchema":"1a1c01bbd47fc00a2c39e90264f33305004495a9","hash":"50972d1d41e03649c277b42386b26db816f7764b"}
,"D:\\WorkSpace\\SauceStudio\\Open-Source\\ke-validator\\src\\lib\\utils\\get.js": {"path":"D:\\WorkSpace\\SauceStudio\\Open-Source\\ke-validator\\src\\lib\\utils\\get.js","statementMap":{"0":{"start":{"line":9,"column":2},"end":{"line":11,"column":3}},"1":{"start":{"line":10,"column":4},"end":{"line":10,"column":58}},"2":{"start":{"line":13,"column":14},"end":{"line":13,"column":20}},"3":{"start":{"line":15,"column":2},"end":{"line":15,"column":53}},"4":{"start":{"line":17,"column":2},"end":{"line":20,"column":3}},"5":{"start":{"line":18,"column":4},"end":{"line":18,"column":32}},"6":{"start":{"line":19,"column":4},"end":{"line":19,"column":22}},"7":{"start":{"line":19,"column":16},"end":{"line":19,"column":22}},"8":{"start":{"line":22,"column":2},"end":{"line":22,"column":53}},"9":{"start":{"line":24,"column":2},"end":{"line":24,"column":15}}},"fnMap":{"0":{"name":"get","decl":{"start":{"line":8,"column":9},"end":{"line":8,"column":12}},"loc":{"start":{"line":8,"column":41},"end":{"line":25,"column":1}},"line":8}},"branchMap":{"0":{"loc":{"start":{"line":9,"column":2},"end":{"line":11,"column":3}},"type":"if","locations":[{"start":{"line":9,"column":2},"end":{"line":11,"column":3}},{"start":{},"end":{}}],"line":9},"1":{"loc":{"start":{"line":19,"column":4},"end":{"line":19,"column":22}},"type":"if","locations":[{"start":{"line":19,"column":4},"end":{"line":19,"column":22}},{"start":{},"end":{}}],"line":19},"2":{"loc":{"start":{"line":22,"column":10},"end":{"line":22,"column":52}},"type":"cond-expr","locations":[{"start":{"line":22,"column":32},"end":{"line":22,"column":37}},{"start":{"line":22,"column":40},"end":{"line":22,"column":52}}],"line":22}},"s":{"0":3,"1":0,"2":3,"3":3,"4":3,"5":12,"6":12,"7":1,"8":3,"9":3},"f":{"0":3},"b":{"0":[0,3],"1":[1,11],"2":[2,1]},"_coverageSchema":"1a1c01bbd47fc00a2c39e90264f33305004495a9","hash":"97ecce7069da1134a227fbbd990ae74313a6be4f"}
,"D:\\WorkSpace\\SauceStudio\\Open-Source\\ke-validator\\src\\lib\\utils\\getKeys.js": {"path":"D:\\WorkSpace\\SauceStudio\\Open-Source\\ke-validator\\src\\lib\\utils\\getKeys.js","statementMap":{"0":{"start":{"line":6,"column":2},"end":{"line":8,"column":3}},"1":{"start":{"line":7,"column":4},"end":{"line":7,"column":14}},"2":{"start":{"line":9,"column":2},"end":{"line":9,"column":29}}},"fnMap":{"0":{"name":"getKeys","decl":{"start":{"line":5,"column":9},"end":{"line":5,"column":16}},"loc":{"start":{"line":5,"column":25},"end":{"line":10,"column":1}},"line":5}},"branchMap":{"0":{"loc":{"start":{"line":6,"column":2},"end":{"line":8,"column":3}},"type":"if","locations":[{"start":{"line":6,"column":2},"end":{"line":8,"column":3}},{"start":{},"end":{}}],"line":6},"1":{"loc":{"start":{"line":6,"column":6},"end":{"line":6,"column":51}},"type":"binary-expr","locations":[{"start":{"line":6,"column":6},"end":{"line":6,"column":32}},{"start":{"line":6,"column":36},"end":{"line":6,"column":51}}],"line":6}},"s":{"0":101,"1":48,"2":53},"f":{"0":101},"b":{"0":[48,53],"1":[101,53]},"_coverageSchema":"1a1c01bbd47fc00a2c39e90264f33305004495a9","hash":"5539be8cba92778b0813645f16be39ef9729c229"}
,"D:\\WorkSpace\\SauceStudio\\Open-Source\\ke-validator\\src\\lib\\utils\\index.js": {"path":"D:\\WorkSpace\\SauceStudio\\Open-Source\\ke-validator\\src\\lib\\utils\\index.js","statementMap":{},"fnMap":{},"branchMap":{},"s":{},"f":{},"b":{},"_coverageSchema":"1a1c01bbd47fc00a2c39e90264f33305004495a9","hash":"152b7fadb5d6aad2176dbd41ab5db080f8ab38f9"}
,"D:\\WorkSpace\\SauceStudio\\Open-Source\\ke-validator\\src\\lib\\utils\\isArray.js": {"path":"D:\\WorkSpace\\SauceStudio\\Open-Source\\ke-validator\\src\\lib\\utils\\isArray.js","statementMap":{"0":{"start":{"line":6,"column":2},"end":{"line":6,"column":66}}},"fnMap":{"0":{"name":"isArray","decl":{"start":{"line":5,"column":9},"end":{"line":5,"column":16}},"loc":{"start":{"line":5,"column":22},"end":{"line":7,"column":1}},"line":5}},"branchMap":{},"s":{"0":3},"f":{"0":3},"b":{},"_coverageSchema":"1a1c01bbd47fc00a2c39e90264f33305004495a9","hash":"f66df1ba2e61b1e25c6936d946721aca200a8c6d"}
,"D:\\WorkSpace\\SauceStudio\\Open-Source\\ke-validator\\src\\lib\\utils\\isFunction.js": {"path":"D:\\WorkSpace\\SauceStudio\\Open-Source\\ke-validator\\src\\lib\\utils\\isFunction.js","statementMap":{"0":{"start":{"line":6,"column":2},"end":{"line":6,"column":71}}},"fnMap":{"0":{"name":"isFunction","decl":{"start":{"line":5,"column":9},"end":{"line":5,"column":19}},"loc":{"start":{"line":5,"column":27},"end":{"line":7,"column":1}},"line":5}},"branchMap":{},"s":{"0":7},"f":{"0":7},"b":{},"_coverageSchema":"1a1c01bbd47fc00a2c39e90264f33305004495a9","hash":"89ed9613e747b2781d6e999d021ca3ba4627fbea"}
,"D:\\WorkSpace\\SauceStudio\\Open-Source\\ke-validator\\src\\lib\\utils\\isObject.js": {"path":"D:\\WorkSpace\\SauceStudio\\Open-Source\\ke-validator\\src\\lib\\utils\\isObject.js","statementMap":{"0":{"start":{"line":6,"column":2},"end":{"line":6,"column":87}}},"fnMap":{"0":{"name":"isObject","decl":{"start":{"line":5,"column":9},"end":{"line":5,"column":17}},"loc":{"start":{"line":5,"column":25},"end":{"line":7,"column":1}},"line":5}},"branchMap":{"0":{"loc":{"start":{"line":6,"column":9},"end":{"line":6,"column":86}},"type":"binary-expr","locations":[{"start":{"line":6,"column":9},"end":{"line":6,"column":68}},{"start":{"line":6,"column":72},"end":{"line":6,"column":86}}],"line":6}},"s":{"0":1},"f":{"0":1},"b":{"0":[1,1]},"_coverageSchema":"1a1c01bbd47fc00a2c39e90264f33305004495a9","hash":"cd6e98b60072cff36d6b172f36ce2510a0e29a93"}
,"D:\\WorkSpace\\SauceStudio\\Open-Source\\ke-validator\\src\\lib\\utils\\proxyData.js": {"path":"D:\\WorkSpace\\SauceStudio\\Open-Source\\ke-validator\\src\\lib\\utils\\proxyData.js","statementMap":{"0":{"start":{"line":10,"column":2},"end":{"line":12,"column":3}},"1":{"start":{"line":11,"column":4},"end":{"line":11,"column":11}},"2":{"start":{"line":13,"column":2},"end":{"line":25,"column":3}},"3":{"start":{"line":14,"column":16},"end":{"line":14,"column":27}},"4":{"start":{"line":15,"column":4},"end":{"line":15,"column":34}},"5":{"start":{"line":16,"column":4},"end":{"line":24,"column":6}},"6":{"start":{"line":18,"column":10},"end":{"line":18,"column":23}},"7":{"start":{"line":21,"column":10},"end":{"line":21,"column":33}}},"fnMap":{"0":{"name":"proxyData","decl":{"start":{"line":9,"column":9},"end":{"line":9,"column":18}},"loc":{"start":{"line":9,"column":42},"end":{"line":26,"column":1}},"line":9},"1":{"name":"(anonymous_1)","decl":{"start":{"line":17,"column":8},"end":{"line":17,"column":9}},"loc":{"start":{"line":17,"column":14},"end":{"line":19,"column":9}},"line":17},"2":{"name":"(anonymous_2)","decl":{"start":{"line":20,"column":8},"end":{"line":20,"column":9}},"loc":{"start":{"line":20,"column":22},"end":{"line":22,"column":9}},"line":20}},"branchMap":{"0":{"loc":{"start":{"line":9,"column":31},"end":{"line":9,"column":40}},"type":"default-arg","locations":[{"start":{"line":9,"column":39},"end":{"line":9,"column":40}}],"line":9},"1":{"loc":{"start":{"line":10,"column":2},"end":{"line":12,"column":3}},"type":"if","locations":[{"start":{"line":10,"column":2},"end":{"line":12,"column":3}},{"start":{},"end":{}}],"line":10},"2":{"loc":{"start":{"line":10,"column":6},"end":{"line":10,"column":33}},"type":"binary-expr","locations":[{"start":{"line":10,"column":6},"end":{"line":10,"column":23}},{"start":{"line":10,"column":27},"end":{"line":10,"column":33}}],"line":10}},"s":{"0":0,"1":0,"2":0,"3":0,"4":0,"5":0,"6":0,"7":0},"f":{"0":0,"1":0,"2":0},"b":{"0":[0],"1":[0,0],"2":[0,0]},"_coverageSchema":"1a1c01bbd47fc00a2c39e90264f33305004495a9","hash":"be56ee322606526e93acef4ebe8eeff5521e0411"}
,"D:\\WorkSpace\\SauceStudio\\Open-Source\\ke-validator\\test\\validators\\LoginValidator.js": {"path":"D:\\WorkSpace\\SauceStudio\\Open-Source\\ke-validator\\test\\validators\\LoginValidator.js","statementMap":{"0":{"start":{"line":5,"column":4},"end":{"line":5,"column":12}},"1":{"start":{"line":6,"column":4},"end":{"line":12,"column":6}},"2":{"start":{"line":13,"column":4},"end":{"line":19,"column":6}},"3":{"start":{"line":23,"column":4},"end":{"line":25,"column":5}},"4":{"start":{"line":24,"column":6},"end":{"line":24,"column":58}}},"fnMap":{"0":{"name":"(anonymous_0)","decl":{"start":{"line":4,"column":2},"end":{"line":4,"column":3}},"loc":{"start":{"line":4,"column":16},"end":{"line":20,"column":3}},"line":4},"1":{"name":"(anonymous_1)","decl":{"start":{"line":22,"column":2},"end":{"line":22,"column":3}},"loc":{"start":{"line":22,"column":22},"end":{"line":26,"column":3}},"line":22}},"branchMap":{"0":{"loc":{"start":{"line":23,"column":4},"end":{"line":25,"column":5}},"type":"if","locations":[{"start":{"line":23,"column":4},"end":{"line":25,"column":5}},{"start":{},"end":{}}],"line":23}},"s":{"0":1,"1":1,"2":1,"3":1,"4":1},"f":{"0":1,"1":1},"b":{"0":[1,0]},"_coverageSchema":"1a1c01bbd47fc00a2c39e90264f33305004495a9","hash":"5c52fa685269276735e08ec3b9ec21a96d62c975"}
}
