TN:
SF:src\index.js
FNF:0
FNH:0
LF:0
LH:0
BRF:0
BRH:0
end_of_record
TN:
SF:src\core\KeValidator.js
FN:22,(anonymous_0)
FN:51,(anonymous_1)
FN:97,(anonymous_2)
FN:136,(anonymous_3)
FN:144,(anonymous_4)
FN:159,(anonymous_5)
FN:177,(anonymous_6)
FN:178,(anonymous_7)
FN:185,(anonymous_8)
FN:193,(anonymous_9)
FN:211,(anonymous_10)
FN:222,(anonymous_11)
FN:236,(anonymous_12)
FN:272,(anonymous_13)
FN:280,(anonymous_14)
FNF:15
FNH:12
FNDA:1,(anonymous_0)
FNDA:0,(anonymous_1)
FNDA:1,(anonymous_2)
FNDA:1,(anonymous_3)
FNDA:0,(anonymous_4)
FNDA:1,(anonymous_5)
FNDA:1,(anonymous_6)
FNDA:4,(anonymous_7)
FNDA:0,(anonymous_8)
FNDA:1,(anonymous_9)
FNDA:6,(anonymous_10)
FNDA:2,(anonymous_11)
FNDA:3,(anonymous_12)
FNDA:6,(anonymous_13)
FNDA:1,(anonymous_14)
DA:23,1
DA:24,1
DA:52,0
DA:53,0
DA:55,0
DA:56,0
DA:57,0
DA:58,0
DA:60,0
DA:98,1
DA:99,0
DA:101,1
DA:102,0
DA:105,1
DA:107,1
DA:109,1
DA:111,1
DA:113,1
DA:115,3
DA:117,3
DA:118,1
DA:122,1
DA:123,1
DA:126,0
DA:128,0
DA:129,0
DA:137,1
DA:145,0
DA:160,1
DA:161,1
DA:162,4
DA:163,4
DA:164,4
DA:166,4
DA:167,1
DA:170,1
DA:178,4
DA:186,0
DA:194,1
DA:195,1
DA:196,1
DA:197,2
DA:198,2
DA:199,6
DA:201,2
DA:203,1
DA:212,6
DA:213,2
DA:216,4
DA:217,4
DA:218,1
DA:221,3
DA:222,2
DA:223,2
DA:224,0
DA:226,2
DA:228,1
DA:240,3
DA:242,1
DA:243,1
DA:245,1
DA:247,0
DA:250,1
DA:256,2
DA:258,2
DA:260,2
DA:262,2
DA:264,3
DA:273,6
DA:281,1
LF:70
LH:54
BRDA:51,0,0,0
BRDA:52,1,0,0
BRDA:52,1,1,0
BRDA:58,2,0,0
BRDA:58,2,1,0
BRDA:98,3,0,0
BRDA:98,3,1,1
BRDA:101,4,0,0
BRDA:101,4,1,1
BRDA:117,5,0,1
BRDA:117,5,1,2
BRDA:122,6,0,1
BRDA:122,6,1,0
BRDA:163,7,0,4
BRDA:163,7,1,0
BRDA:166,8,0,1
BRDA:166,8,1,3
BRDA:199,9,0,6
BRDA:199,9,1,3
BRDA:212,10,0,2
BRDA:212,10,1,4
BRDA:212,11,0,6
BRDA:212,11,1,5
BRDA:217,12,0,1
BRDA:217,12,1,3
BRDA:221,13,0,2
BRDA:221,13,1,1
BRDA:221,14,0,3
BRDA:221,14,1,2
BRDA:223,15,0,0
BRDA:223,15,1,2
BRDA:240,16,0,1
BRDA:240,16,1,2
BRDA:250,17,0,1
BRDA:250,17,1,0
BRF:35
BRH:24
end_of_record
TN:
SF:src\core\Rule.js
FN:11,(anonymous_0)
FN:17,(anonymous_1)
FNF:2
FNH:2
FNDA:2,(anonymous_0)
FNDA:2,(anonymous_1)
DA:12,2
DA:13,2
DA:14,2
DA:18,2
DA:19,0
DA:21,2
DA:22,0
DA:24,2
LF:8
LH:6
BRDA:18,0,0,0
BRDA:18,0,1,2
BRDA:21,1,0,0
BRDA:21,1,1,2
BRDA:22,2,0,0
BRDA:22,2,1,0
BRF:6
BRH:2
end_of_record
TN:
SF:src\core\RuleField.js
FN:4,(anonymous_0)
FN:8,(anonymous_1)
FN:37,(anonymous_2)
FN:51,(anonymous_3)
FNF:4
FNH:3
FNDA:2,(anonymous_0)
FNDA:2,(anonymous_1)
FNDA:0,(anonymous_2)
FNDA:2,(anonymous_3)
DA:5,2
DA:9,2
DA:10,0
DA:12,0
DA:13,0
DA:15,0
DA:19,2
DA:21,2
DA:22,2
DA:23,2
DA:24,0
DA:25,0
DA:26,0
DA:30,2
DA:38,0
DA:39,0
DA:40,0
DA:43,0
DA:52,2
DA:53,2
DA:54,0
DA:56,2
DA:57,0
DA:59,2
DA:60,0
DA:63,2
LF:26
LH:12
BRDA:9,0,0,0
BRDA:9,0,1,2
BRDA:12,1,0,0
BRDA:12,1,1,0
BRDA:23,2,0,0
BRDA:23,2,1,2
BRDA:39,3,0,0
BRDA:39,3,1,0
BRDA:53,4,0,0
BRDA:53,4,1,2
BRDA:56,5,0,0
BRDA:56,5,1,2
BRDA:59,6,0,0
BRDA:59,6,1,2
BRF:14
BRH:5
end_of_record
TN:
SF:src\core\RuleFieldResult.js
FN:4,(anonymous_0)
FNF:1
FNH:1
FNDA:4,(anonymous_0)
DA:5,4
DA:6,4
LF:2
LH:2
BRDA:4,0,0,2
BRDA:4,1,0,2
BRF:2
BRH:2
end_of_record
TN:
SF:src\core\RuleResult.js
FN:2,(anonymous_0)
FNF:1
FNH:1
FNDA:7,(anonymous_0)
DA:3,7
DA:4,7
LF:2
LH:2
BRDA:2,0,0,0
BRF:1
BRH:0
end_of_record
TN:
SF:src\lib\exception\OperateException.js
FN:2,(anonymous_0)
FNF:1
FNH:0
FNDA:0,(anonymous_0)
DA:3,0
DA:4,0
LF:2
LH:0
BRDA:4,0,0,0
BRDA:4,0,1,0
BRF:2
BRH:0
end_of_record
TN:
SF:src\lib\exception\ParameterException.js
FN:2,(anonymous_0)
FNF:1
FNH:1
FNDA:1,(anonymous_0)
DA:3,1
DA:4,1
LF:2
LH:2
BRDA:4,0,0,1
BRDA:4,0,1,0
BRF:2
BRH:1
end_of_record
TN:
SF:src\lib\exception\TypeException.js
FN:2,(anonymous_0)
FNF:1
FNH:0
FNDA:0,(anonymous_0)
DA:3,0
DA:4,0
LF:2
LH:0
BRDA:4,0,0,0
BRDA:4,0,1,0
BRF:2
BRH:0
end_of_record
TN:
SF:src\lib\exception\index.js
FNF:0
FNH:0
LF:0
LH:0
BRF:0
BRH:0
end_of_record
TN:
SF:src\lib\utils\deepClone.js
FN:6,deepClone
FNF:1
FNH:1
FNDA:34,deepClone
DA:7,34
DA:8,16
DA:11,18
DA:12,0
DA:15,18
DA:16,0
DA:19,18
DA:21,18
DA:22,30
DA:23,30
DA:26,18
LF:11
LH:9
BRDA:7,0,0,16
BRDA:7,0,1,18
BRDA:7,1,0,34
BRDA:7,1,1,18
BRDA:11,2,0,0
BRDA:11,2,1,18
BRDA:15,3,0,0
BRDA:15,3,1,18
BRDA:22,4,0,30
BRDA:22,4,1,0
BRF:10
BRH:7
end_of_record
TN:
SF:src\lib\utils\dfs.js
FN:7,dfs
FN:9,search
FNF:2
FNH:2
FNDA:12,dfs
FNDA:113,search
DA:10,113
DA:11,12
DA:13,101
DA:14,101
DA:15,101
DA:18,12
DA:19,12
LF:7
LH:7
BRDA:10,0,0,12
BRDA:10,0,1,101
BRF:2
BRH:2
end_of_record
TN:
SF:src\lib\utils\get.js
FN:8,get
FNF:1
FNH:1
FNDA:3,get
DA:9,3
DA:10,0
DA:13,3
DA:15,3
DA:17,3
DA:18,12
DA:19,12
DA:22,3
DA:24,3
LF:9
LH:8
BRDA:9,0,0,0
BRDA:9,0,1,3
BRDA:19,1,0,1
BRDA:19,1,1,11
BRDA:22,2,0,2
BRDA:22,2,1,1
BRF:6
BRH:5
end_of_record
TN:
SF:src\lib\utils\getKeys.js
FN:5,getKeys
FNF:1
FNH:1
FNDA:101,getKeys
DA:6,101
DA:7,48
DA:9,53
LF:3
LH:3
BRDA:6,0,0,48
BRDA:6,0,1,53
BRDA:6,1,0,101
BRDA:6,1,1,53
BRF:4
BRH:4
end_of_record
TN:
SF:src\lib\utils\index.js
FNF:0
FNH:0
LF:0
LH:0
BRF:0
BRH:0
end_of_record
TN:
SF:src\lib\utils\isArray.js
FN:5,isArray
FNF:1
FNH:1
FNDA:3,isArray
DA:6,3
LF:1
LH:1
BRF:0
BRH:0
end_of_record
TN:
SF:src\lib\utils\isFunction.js
FN:5,isFunction
FNF:1
FNH:1
FNDA:7,isFunction
DA:6,7
LF:1
LH:1
BRF:0
BRH:0
end_of_record
TN:
SF:src\lib\utils\isObject.js
FN:5,isObject
FNF:1
FNH:1
FNDA:1,isObject
DA:6,1
LF:1
LH:1
BRDA:6,0,0,1
BRDA:6,0,1,1
BRF:2
BRH:2
end_of_record
TN:
SF:src\lib\utils\proxyData.js
FN:9,proxyData
FN:17,(anonymous_1)
FN:20,(anonymous_2)
FNF:3
FNH:0
FNDA:0,proxyData
FNDA:0,(anonymous_1)
FNDA:0,(anonymous_2)
DA:10,0
DA:11,0
DA:13,0
DA:14,0
DA:15,0
DA:16,0
DA:18,0
DA:21,0
LF:8
LH:0
BRDA:9,0,0,0
BRDA:10,1,0,0
BRDA:10,1,1,0
BRDA:10,2,0,0
BRDA:10,2,1,0
BRF:5
BRH:0
end_of_record
TN:
SF:test\validators\LoginValidator.js
FN:4,(anonymous_0)
FN:22,(anonymous_1)
FNF:2
FNH:2
FNDA:1,(anonymous_0)
FNDA:1,(anonymous_1)
DA:5,1
DA:6,1
DA:13,1
DA:23,1
DA:24,1
LF:5
LH:5
BRDA:23,0,0,1
BRDA:23,0,1,0
BRF:2
BRH:1
end_of_record
